<?xml version="1.0" encoding="UTF-8"?>
<testng-results skipped="0" failed="0" ignored="0" total="2" passed="2">
  <reporter-output>
  </reporter-output>
  <suite name="Suite" duration-ms="60882" started-at="2018-11-26T17:19:48Z" finished-at="2018-11-26T17:20:49Z">
    <groups>
    </groups>
    <test name="LoginTest" duration-ms="60882" started-at="2018-11-26T17:19:48Z" finished-at="2018-11-26T17:20:49Z">
      <class name="tests.LoginTests">
        <test-method status="PASS" signature="setup()[pri:0, instance:tests.LoginTests@39ba5a14]" name="setup" is-config="true" duration-ms="13209" started-at="2018-11-26T17:19:48Z" finished-at="2018-11-26T17:20:02Z">
          <reporter-output>
          </reporter-output>
        </test-method> <!-- setup -->
        <test-method status="PASS" signature="invalidLoginTest_InvalidUserNameInvalidPassword()[pri:0, instance:tests.LoginTests@39ba5a14]" name="invalidLoginTest_InvalidUserNameInvalidPassword" duration-ms="28986" started-at="2018-11-26T17:20:02Z" finished-at="2018-11-26T17:20:31Z">
          <reporter-output>
          </reporter-output>
        </test-method> <!-- invalidLoginTest_InvalidUserNameInvalidPassword -->
        <test-method status="PASS" signature="invalidLoginTest_EmptyUserEmptyPassword()[pri:1, instance:tests.LoginTests@39ba5a14]" name="invalidLoginTest_EmptyUserEmptyPassword" duration-ms="16948" started-at="2018-11-26T17:20:31Z" finished-at="2018-11-26T17:20:48Z">
          <reporter-output>
          </reporter-output>
        </test-method> <!-- invalidLoginTest_EmptyUserEmptyPassword -->
        <test-method status="PASS" signature="teardown()[pri:0, instance:tests.LoginTests@39ba5a14]" name="teardown" is-config="true" duration-ms="1661" started-at="2018-11-26T17:20:48Z" finished-at="2018-11-26T17:20:49Z">
          <reporter-output>
          </reporter-output>
        </test-method> <!-- teardown -->
      </class> <!-- tests.LoginTests -->
    </test> <!-- LoginTest -->
  </suite> <!-- Suite -->
</testng-results>
