<?xml version="1.0" encoding="UTF-8"?>
<!-- Generated by org.testng.reporters.JUnitXMLReporter -->
<testsuite hostname="MTYTM154931L5" ignored="0" name="LoginTest" tests="2" failures="0" timestamp="26 Nov 2018 17:20:49 GMT" time="60.882" errors="0">
  <testcase name="invalidLoginTest_InvalidUserNameInvalidPassword" time="28.986" classname="tests.LoginTests"/>
  <testcase name="invalidLoginTest_EmptyUserEmptyPassword" time="16.948" classname="tests.LoginTests"/>
</testsuite> <!-- LoginTest -->
